<?xml version="1.0" encoding="UTF-8"?>
<!-- Generated by org.testng.reporters.JUnitXMLReporter -->
<testsuite ignored="0" hostname="QT-INNO-LT1525" failures="0" tests="3" name="Default test" time="3.348" errors="0" timestamp="2022-06-30T16:47:40 IST">
  <testcase classname="oauthExercise.OAuth" name="step01_SplitUrl" time="0.009"/>
  <testcase classname="oauthExercise.OAuth" name="step02_FetchingAccessToken" time="2.596"/>
  <testcase classname="oauthExercise.OAuth" name="step03_Authorization" time="0.701"/>
</testsuite> <!-- Default test -->
