<?xml version="1.0" encoding="UTF-8"?>
<testng-results ignored="0" total="1" passed="1" failed="0" skipped="0">
  <reporter-output>
  </reporter-output>
  <suite started-at="2022-07-01T17:40:24 IST" name="Default suite" finished-at="2022-07-01T17:40:26 IST" duration-ms="2328">
    <groups>
    </groups>
    <test started-at="2022-07-01T17:40:24 IST" name="Default test" finished-at="2022-07-01T17:40:26 IST" duration-ms="2328">
      <class name="serializationExercise.serializeTest">
        <test-method signature="step01_Serialize()[pri:0, instance:serializationExercise.serializeTest@6e0f5f7f]" started-at="2022-07-01T17:40:24 IST" name="step01_Serialize" finished-at="2022-07-01T17:40:26 IST" duration-ms="2287" status="PASS">
          <reporter-output>
          </reporter-output>
        </test-method> <!-- step01_Serialize -->
      </class> <!-- serializationExercise.serializeTest -->
    </test> <!-- Default test -->
  </suite> <!-- Default suite -->
</testng-results>
