<?xml version="1.0" encoding="UTF-8"?>
<testng-results ignored="0" total="3" passed="3" failed="0" skipped="0">
  <reporter-output>
  </reporter-output>
  <suite started-at="2022-06-30T16:47:36 IST" name="Default suite" finished-at="2022-06-30T16:47:40 IST" duration-ms="3348">
    <groups>
    </groups>
    <test started-at="2022-06-30T16:47:36 IST" name="Default test" finished-at="2022-06-30T16:47:40 IST" duration-ms="3348">
      <class name="oauthExercise.OAuth">
        <test-method signature="step01_SplitUrl()[pri:0, instance:oauthExercise.OAuth@1da2cb77]" started-at="2022-06-30T16:47:36 IST" name="step01_SplitUrl" finished-at="2022-06-30T16:47:36 IST" duration-ms="9" status="PASS">
          <reporter-output>
          </reporter-output>
        </test-method> <!-- step01_SplitUrl -->
        <test-method signature="step02_FetchingAccessToken()[pri:0, instance:oauthExercise.OAuth@1da2cb77]" started-at="2022-06-30T16:47:36 IST" name="step02_FetchingAccessToken" finished-at="2022-06-30T16:47:39 IST" duration-ms="2596" status="PASS">
          <reporter-output>
          </reporter-output>
        </test-method> <!-- step02_FetchingAccessToken -->
        <test-method signature="step03_Authorization()[pri:0, instance:oauthExercise.OAuth@1da2cb77]" started-at="2022-06-30T16:47:39 IST" name="step03_Authorization" finished-at="2022-06-30T16:47:40 IST" duration-ms="701" status="PASS">
          <reporter-output>
          </reporter-output>
        </test-method> <!-- step03_Authorization -->
      </class> <!-- oauthExercise.OAuth -->
    </test> <!-- Default test -->
  </suite> <!-- Default suite -->
</testng-results>
